<?xml version="1.0" encoding="UTF-8"?>
<testsuite xmlns:xsi="http://www.w3.org/2001/XMLSchema-instance" xsi:noNamespaceSchemaLocation="https://maven.apache.org/surefire/maven-surefire-plugin/xsd/surefire-test-report-3.0.xsd" version="3.0" name="TestSuite" time="18.215" tests="13" errors="0" skipped="0" failures="0">
  <properties>
[...]
</properties>
  <testcase name="deveIncluirContaComSucesso" classname="tests.TransacoesTest" time="0.951"/>
  <testcase name="deveAlterarContaComSucesso" classname="tests.TransacoesTest" time="0.896"/>
  <testcase name="naoDeveInserirContaRepetida" classname="tests.TransacoesTest" time="0.79"/>
  <testcase name="deveInserirMovimentacaoComSucesso" classname="tests.TransacoesTest" time="1.307"/>
  <testcase name="deveValidarCamposObrigatoriosNaMovimentacao" classname="tests.TransacoesTest" time="0.819"/>
  <testcase name="naoDeveInserirMovimentacaoComDataFutura" classname="tests.TransacoesTest" time="0.784"/>
  <testcase name="naoDeveRemoverContaComMovimentacao" classname="tests.TransacoesTest" time="0.804"/>
  <testcase name="deveCalcularSaldoContas" classname="tests.TransacoesTest" time="0.817"/>
  <testcase name="deveRemoverMovimentacao" classname="tests.TransacoesTest" time="0.757"/>
  <testcase name="deveValidaroSchemaDasContas" classname="tests.TransacoesTest" time="1.345"/>
  <testcase name="deveRemoverConta" classname="tests.TransacoesTest" time="0.746"/>
  <testcase name="deveValidarSeContaFoiRemovida" classname="tests.TransacoesTest" time="0.757"/>
  <testcase name="naoDeveAcessarApiSemToken" classname="tests.TransacoesTest" time="0.753"/>
</testsuite>