<?xml version="1.0" encoding="UTF-8"?>
<!-- Generated by org.testng.reporters.JUnitXMLReporter -->
<testsuite hostname="FRWK-0056" ignored="0" name="Test" tests="13" failures="0" timestamp="2020-02-13T16:04:45 BRST" time="15.879" errors="0">
  <testcase name="deveIncluirContaComSucesso" time="0.95" classname="tests.TransacoesTest"/>
  <testcase name="deveAlterarContaComSucesso" time="0.896" classname="tests.TransacoesTest"/>
  <testcase name="naoDeveInserirContaRepetida" time="0.791" classname="tests.TransacoesTest"/>
  <testcase name="deveInserirMovimentacaoComSucesso" time="1.307" classname="tests.TransacoesTest"/>
  <testcase name="deveValidarCamposObrigatoriosNaMovimentacao" time="0.82" classname="tests.TransacoesTest"/>
  <testcase name="naoDeveInserirMovimentacaoComDataFutura" time="0.784" classname="tests.TransacoesTest"/>
  <testcase name="naoDeveRemoverContaComMovimentacao" time="0.804" classname="tests.TransacoesTest"/>
  <testcase name="deveCalcularSaldoContas" time="0.818" classname="tests.TransacoesTest"/>
  <testcase name="deveRemoverMovimentacao" time="0.756" classname="tests.TransacoesTest"/>
  <testcase name="deveValidaroSchemaDasContas" time="1.344" classname="tests.TransacoesTest"/>
  <testcase name="deveRemoverConta" time="0.745" classname="tests.TransacoesTest"/>
  <testcase name="deveValidarSeContaFoiRemovida" time="0.758" classname="tests.TransacoesTest"/>
  <testcase name="naoDeveAcessarApiSemToken" time="0.752" classname="tests.TransacoesTest"/>
</testsuite> <!-- Test -->
